19 二月 2014 11:38:46,957 ERROR Shell           [main][]: Failed to locate the winutils binary in the hadoop binary path
java.io.IOException: Could not locate executable D:\hadoop\bin\winutils.exe in the Hadoop binaries.
	at org.apache.hadoop.util.Shell.getQualifiedBinPath(Shell.java:278)
	at org.apache.hadoop.util.Shell.getWinUtilsPath(Shell.java:300)
	at org.apache.hadoop.util.Shell.<clinit>(Shell.java:293)
	at org.apache.hadoop.util.StringUtils.<clinit>(StringUtils.java:76)
	at org.apache.hadoop.conf.Configuration.getTrimmedStrings(Configuration.java:1546)
	at org.apache.hadoop.hdfs.DFSClient.<init>(DFSClient.java:519)
	at org.apache.hadoop.hdfs.DFSClient.<init>(DFSClient.java:453)
	at org.apache.hadoop.hdfs.DistributedFileSystem.initialize(DistributedFileSystem.java:136)
	at org.apache.hadoop.fs.FileSystem.createFileSystem(FileSystem.java:2433)
	at org.apache.hadoop.fs.FileSystem.access$200(FileSystem.java:88)
	at org.apache.hadoop.fs.FileSystem$Cache.getInternal(FileSystem.java:2467)
	at org.apache.hadoop.fs.FileSystem$Cache.get(FileSystem.java:2449)
	at org.apache.hadoop.fs.FileSystem.get(FileSystem.java:367)
	at com.hilife.server.common.util.HdfsDAO.mkdirs(HdfsDAO.java:53)
	at com.hilife.server.common.util.HdfsDAO.main(HdfsDAO.java:35)
19 二月 2014 11:56:51,248 ERROR Shell           [main][]: Failed to locate the winutils binary in the hadoop binary path
java.io.IOException: Could not locate executable D:\hadoop\bin\winutils.exe in the Hadoop binaries.
	at org.apache.hadoop.util.Shell.getQualifiedBinPath(Shell.java:278)
	at org.apache.hadoop.util.Shell.getWinUtilsPath(Shell.java:300)
	at org.apache.hadoop.util.Shell.<clinit>(Shell.java:293)
	at org.apache.hadoop.util.StringUtils.<clinit>(StringUtils.java:76)
	at org.apache.hadoop.conf.Configuration.getTrimmedStrings(Configuration.java:1546)
	at org.apache.hadoop.hdfs.DFSClient.<init>(DFSClient.java:519)
	at org.apache.hadoop.hdfs.DFSClient.<init>(DFSClient.java:453)
	at org.apache.hadoop.hdfs.DistributedFileSystem.initialize(DistributedFileSystem.java:136)
	at org.apache.hadoop.fs.FileSystem.createFileSystem(FileSystem.java:2433)
	at org.apache.hadoop.fs.FileSystem.access$200(FileSystem.java:88)
	at org.apache.hadoop.fs.FileSystem$Cache.getInternal(FileSystem.java:2467)
	at org.apache.hadoop.fs.FileSystem$Cache.get(FileSystem.java:2449)
	at org.apache.hadoop.fs.FileSystem.get(FileSystem.java:367)
	at com.hilife.server.common.util.HdfsDAO.mkdirs(HdfsDAO.java:53)
	at com.hilife.server.common.util.HdfsDAO.main(HdfsDAO.java:35)
19 二月 2014 13:41:38,247 ERROR Shell           [main][]: Failed to locate the winutils binary in the hadoop binary path
java.io.IOException: Could not locate executable D:\hadoop\bin\winutils.exe in the Hadoop binaries.
	at org.apache.hadoop.util.Shell.getQualifiedBinPath(Shell.java:278)
	at org.apache.hadoop.util.Shell.getWinUtilsPath(Shell.java:300)
	at org.apache.hadoop.util.Shell.<clinit>(Shell.java:293)
	at org.apache.hadoop.util.StringUtils.<clinit>(StringUtils.java:76)
	at org.apache.hadoop.conf.Configuration.getTrimmedStrings(Configuration.java:1546)
	at org.apache.hadoop.hdfs.DFSClient.<init>(DFSClient.java:519)
	at org.apache.hadoop.hdfs.DFSClient.<init>(DFSClient.java:453)
	at org.apache.hadoop.hdfs.DistributedFileSystem.initialize(DistributedFileSystem.java:136)
	at org.apache.hadoop.fs.FileSystem.createFileSystem(FileSystem.java:2433)
	at org.apache.hadoop.fs.FileSystem.access$200(FileSystem.java:88)
	at org.apache.hadoop.fs.FileSystem$Cache.getInternal(FileSystem.java:2467)
	at org.apache.hadoop.fs.FileSystem$Cache.get(FileSystem.java:2449)
	at org.apache.hadoop.fs.FileSystem.get(FileSystem.java:367)
	at com.hilife.server.common.util.HdfsDAO.mkdirs(HdfsDAO.java:53)
	at com.hilife.server.common.util.HdfsDAO.main(HdfsDAO.java:35)
19 二月 2014 13:45:48,159 ERROR Shell           [main][]: Failed to locate the winutils binary in the hadoop binary path
java.io.IOException: Could not locate executable D:\hadoop\bin\winutils.exe in the Hadoop binaries.
	at org.apache.hadoop.util.Shell.getQualifiedBinPath(Shell.java:278)
	at org.apache.hadoop.util.Shell.getWinUtilsPath(Shell.java:300)
	at org.apache.hadoop.util.Shell.<clinit>(Shell.java:293)
	at org.apache.hadoop.util.StringUtils.<clinit>(StringUtils.java:76)
	at org.apache.hadoop.conf.Configuration.getTrimmedStrings(Configuration.java:1546)
	at org.apache.hadoop.hdfs.DFSClient.<init>(DFSClient.java:519)
	at org.apache.hadoop.hdfs.DFSClient.<init>(DFSClient.java:453)
	at org.apache.hadoop.hdfs.DistributedFileSystem.initialize(DistributedFileSystem.java:136)
	at org.apache.hadoop.fs.FileSystem.createFileSystem(FileSystem.java:2433)
	at org.apache.hadoop.fs.FileSystem.access$200(FileSystem.java:88)
	at org.apache.hadoop.fs.FileSystem$Cache.getInternal(FileSystem.java:2467)
	at org.apache.hadoop.fs.FileSystem$Cache.get(FileSystem.java:2449)
	at org.apache.hadoop.fs.FileSystem.get(FileSystem.java:367)
	at com.hilife.server.common.util.HdfsDAO.mkdirs(HdfsDAO.java:53)
	at com.hilife.server.common.util.HdfsDAO.main(HdfsDAO.java:35)
19 二月 2014 14:46:37,801 ERROR Shell           [main][]: Failed to locate the winutils binary in the hadoop binary path
java.io.IOException: Could not locate executable D:\hadoop\bin\winutils.exe in the Hadoop binaries.
	at org.apache.hadoop.util.Shell.getQualifiedBinPath(Shell.java:278)
	at org.apache.hadoop.util.Shell.getWinUtilsPath(Shell.java:300)
	at org.apache.hadoop.util.Shell.<clinit>(Shell.java:293)
	at org.apache.hadoop.util.StringUtils.<clinit>(StringUtils.java:76)
	at org.apache.hadoop.conf.Configuration.getTrimmedStrings(Configuration.java:1546)
	at org.apache.hadoop.hdfs.DFSClient.<init>(DFSClient.java:519)
	at org.apache.hadoop.hdfs.DFSClient.<init>(DFSClient.java:453)
	at org.apache.hadoop.hdfs.DistributedFileSystem.initialize(DistributedFileSystem.java:136)
	at org.apache.hadoop.fs.FileSystem.createFileSystem(FileSystem.java:2433)
	at org.apache.hadoop.fs.FileSystem.access$200(FileSystem.java:88)
	at org.apache.hadoop.fs.FileSystem$Cache.getInternal(FileSystem.java:2467)
	at org.apache.hadoop.fs.FileSystem$Cache.get(FileSystem.java:2449)
	at org.apache.hadoop.fs.FileSystem.get(FileSystem.java:367)
	at com.hilife.server.common.util.HdfsDAO.download(HdfsDAO.java:90)
	at com.hilife.server.common.util.HdfsDAO.main(HdfsDAO.java:37)
19 二月 2014 14:47:04,732 ERROR Shell           [main][]: Failed to locate the winutils binary in the hadoop binary path
java.io.IOException: Could not locate executable D:\hadoop\bin\winutils.exe in the Hadoop binaries.
	at org.apache.hadoop.util.Shell.getQualifiedBinPath(Shell.java:278)
	at org.apache.hadoop.util.Shell.getWinUtilsPath(Shell.java:300)
	at org.apache.hadoop.util.Shell.<clinit>(Shell.java:293)
	at org.apache.hadoop.util.StringUtils.<clinit>(StringUtils.java:76)
	at org.apache.hadoop.conf.Configuration.getTrimmedStrings(Configuration.java:1546)
	at org.apache.hadoop.hdfs.DFSClient.<init>(DFSClient.java:519)
	at org.apache.hadoop.hdfs.DFSClient.<init>(DFSClient.java:453)
	at org.apache.hadoop.hdfs.DistributedFileSystem.initialize(DistributedFileSystem.java:136)
	at org.apache.hadoop.fs.FileSystem.createFileSystem(FileSystem.java:2433)
	at org.apache.hadoop.fs.FileSystem.access$200(FileSystem.java:88)
	at org.apache.hadoop.fs.FileSystem$Cache.getInternal(FileSystem.java:2467)
	at org.apache.hadoop.fs.FileSystem$Cache.get(FileSystem.java:2449)
	at org.apache.hadoop.fs.FileSystem.get(FileSystem.java:367)
	at com.hilife.server.common.util.HdfsDAO.download(HdfsDAO.java:90)
	at com.hilife.server.common.util.HdfsDAO.main(HdfsDAO.java:37)
19 二月 2014 14:49:03,460 ERROR Shell           [main][]: Failed to locate the winutils binary in the hadoop binary path
java.io.IOException: Could not locate executable D:\hadoop\bin\winutils.exe in the Hadoop binaries.
	at org.apache.hadoop.util.Shell.getQualifiedBinPath(Shell.java:278)
	at org.apache.hadoop.util.Shell.getWinUtilsPath(Shell.java:300)
	at org.apache.hadoop.util.Shell.<clinit>(Shell.java:293)
	at org.apache.hadoop.util.StringUtils.<clinit>(StringUtils.java:76)
	at org.apache.hadoop.conf.Configuration.getTrimmedStrings(Configuration.java:1546)
	at org.apache.hadoop.hdfs.DFSClient.<init>(DFSClient.java:519)
	at org.apache.hadoop.hdfs.DFSClient.<init>(DFSClient.java:453)
	at org.apache.hadoop.hdfs.DistributedFileSystem.initialize(DistributedFileSystem.java:136)
	at org.apache.hadoop.fs.FileSystem.createFileSystem(FileSystem.java:2433)
	at org.apache.hadoop.fs.FileSystem.access$200(FileSystem.java:88)
	at org.apache.hadoop.fs.FileSystem$Cache.getInternal(FileSystem.java:2467)
	at org.apache.hadoop.fs.FileSystem$Cache.get(FileSystem.java:2449)
	at org.apache.hadoop.fs.FileSystem.get(FileSystem.java:367)
	at com.hilife.server.common.util.HdfsDAO.download(HdfsDAO.java:90)
	at com.hilife.server.common.util.HdfsDAO.main(HdfsDAO.java:37)
19 二月 2014 16:29:11,081 ERROR Shell           [main][]: Failed to locate the winutils binary in the hadoop binary path
java.io.IOException: Could not locate executable D:\hadoop\bin\winutils.exe in the Hadoop binaries.
	at org.apache.hadoop.util.Shell.getQualifiedBinPath(Shell.java:278)
	at org.apache.hadoop.util.Shell.getWinUtilsPath(Shell.java:300)
	at org.apache.hadoop.util.Shell.<clinit>(Shell.java:293)
	at org.apache.hadoop.util.StringUtils.<clinit>(StringUtils.java:76)
	at org.apache.hadoop.conf.Configuration.getTrimmedStrings(Configuration.java:1546)
	at org.apache.hadoop.hdfs.DFSClient.<init>(DFSClient.java:519)
	at org.apache.hadoop.hdfs.DFSClient.<init>(DFSClient.java:453)
	at org.apache.hadoop.hdfs.DistributedFileSystem.initialize(DistributedFileSystem.java:136)
	at org.apache.hadoop.fs.FileSystem.createFileSystem(FileSystem.java:2433)
	at org.apache.hadoop.fs.FileSystem.access$200(FileSystem.java:88)
	at org.apache.hadoop.fs.FileSystem$Cache.getInternal(FileSystem.java:2467)
	at org.apache.hadoop.fs.FileSystem$Cache.get(FileSystem.java:2449)
	at org.apache.hadoop.fs.FileSystem.get(FileSystem.java:367)
	at com.hilife.server.common.util.HdfsDAO.download(HdfsDAO.java:90)
	at com.hilife.server.common.util.HdfsDAO.main(HdfsDAO.java:37)
19 二月 2014 16:29:32,682 ERROR Shell           [main][]: Failed to locate the winutils binary in the hadoop binary path
java.io.IOException: Could not locate executable D:\hadoop\bin\winutils.exe in the Hadoop binaries.
	at org.apache.hadoop.util.Shell.getQualifiedBinPath(Shell.java:278)
	at org.apache.hadoop.util.Shell.getWinUtilsPath(Shell.java:300)
	at org.apache.hadoop.util.Shell.<clinit>(Shell.java:293)
	at org.apache.hadoop.util.StringUtils.<clinit>(StringUtils.java:76)
	at org.apache.hadoop.conf.Configuration.getTrimmedStrings(Configuration.java:1546)
	at org.apache.hadoop.hdfs.DFSClient.<init>(DFSClient.java:519)
	at org.apache.hadoop.hdfs.DFSClient.<init>(DFSClient.java:453)
	at org.apache.hadoop.hdfs.DistributedFileSystem.initialize(DistributedFileSystem.java:136)
	at org.apache.hadoop.fs.FileSystem.createFileSystem(FileSystem.java:2433)
	at org.apache.hadoop.fs.FileSystem.access$200(FileSystem.java:88)
	at org.apache.hadoop.fs.FileSystem$Cache.getInternal(FileSystem.java:2467)
	at org.apache.hadoop.fs.FileSystem$Cache.get(FileSystem.java:2449)
	at org.apache.hadoop.fs.FileSystem.get(FileSystem.java:367)
	at com.hilife.server.common.util.HdfsDAO.download(HdfsDAO.java:90)
	at com.hilife.server.common.util.HdfsDAO.main(HdfsDAO.java:37)
19 二月 2014 16:32:39,105 ERROR Shell           [main][]: Failed to locate the winutils binary in the hadoop binary path
java.io.IOException: Could not locate executable D:\hadoop\bin\winutils.exe in the Hadoop binaries.
	at org.apache.hadoop.util.Shell.getQualifiedBinPath(Shell.java:278)
	at org.apache.hadoop.util.Shell.getWinUtilsPath(Shell.java:300)
	at org.apache.hadoop.util.Shell.<clinit>(Shell.java:293)
	at org.apache.hadoop.util.StringUtils.<clinit>(StringUtils.java:76)
	at org.apache.hadoop.conf.Configuration.getTrimmedStrings(Configuration.java:1546)
	at org.apache.hadoop.hdfs.DFSClient.<init>(DFSClient.java:519)
	at org.apache.hadoop.hdfs.DFSClient.<init>(DFSClient.java:453)
	at org.apache.hadoop.hdfs.DistributedFileSystem.initialize(DistributedFileSystem.java:136)
	at org.apache.hadoop.fs.FileSystem.createFileSystem(FileSystem.java:2433)
	at org.apache.hadoop.fs.FileSystem.access$200(FileSystem.java:88)
	at org.apache.hadoop.fs.FileSystem$Cache.getInternal(FileSystem.java:2467)
	at org.apache.hadoop.fs.FileSystem$Cache.get(FileSystem.java:2449)
	at org.apache.hadoop.fs.FileSystem.get(FileSystem.java:367)
	at com.hilife.server.common.util.HdfsDAO.download(HdfsDAO.java:90)
	at com.hilife.server.common.util.HdfsDAO.main(HdfsDAO.java:37)
